<?xml version="1.0" encoding="UTF-8"?>
<testsuite xmlns:xsi="http://www.w3.org/2001/XMLSchema-instance" xsi:noNamespaceSchemaLocation="https://maven.apache.org/surefire/maven-surefire-plugin/xsd/surefire-test-report.xsd" name="com.example.springbootdemo.SpringBootdemoApplicationTests" time="7.25" tests="1" errors="0" skipped="0" failures="0">
  <properties>
    <property name="sun.desktop" value="windows"/>
    <property name="awt.toolkit" value="sun.awt.windows.WToolkit"/>
    <property name="file.encoding.pkg" value="sun.io"/>
    <property name="java.specification.version" value="1.8"/>
    <property name="sun.cpu.isalist" value="amd64"/>
    <property name="sun.jnu.encoding" value="GBK"/>
    <property name="java.class.path" value="D:\J2EE\SpringBootdemo\target\test-classes;D:\J2EE\SpringBootdemo\target\classes;D:\Maven\repository\org\springframework\boot\spring-boot-starter-websocket\2.4.10\spring-boot-starter-websocket-2.4.10.jar;D:\Maven\repository\org\springframework\boot\spring-boot-starter-web\2.4.10\spring-boot-starter-web-2.4.10.jar;D:\Maven\repository\org\springframework\boot\spring-boot-starter-json\2.4.10\spring-boot-starter-json-2.4.10.jar;D:\Maven\repository\com\fasterxml\jackson\core\jackson-databind\2.11.4\jackson-databind-2.11.4.jar;D:\Maven\repository\com\fasterxml\jackson\core\jackson-core\2.11.4\jackson-core-2.11.4.jar;D:\Maven\repository\com\fasterxml\jackson\datatype\jackson-datatype-jdk8\2.11.4\jackson-datatype-jdk8-2.11.4.jar;D:\Maven\repository\com\fasterxml\jackson\datatype\jackson-datatype-jsr310\2.11.4\jackson-datatype-jsr310-2.11.4.jar;D:\Maven\repository\com\fasterxml\jackson\module\jackson-module-parameter-names\2.11.4\jackson-module-parameter-names-2.11.4.jar;D:\Maven\repository\org\springframework\boot\spring-boot-starter-tomcat\2.4.10\spring-boot-starter-tomcat-2.4.10.jar;D:\Maven\repository\org\apache\tomcat\embed\tomcat-embed-core\9.0.52\tomcat-embed-core-9.0.52.jar;D:\Maven\repository\org\glassfish\jakarta.el\3.0.3\jakarta.el-3.0.3.jar;D:\Maven\repository\org\apache\tomcat\embed\tomcat-embed-websocket\9.0.52\tomcat-embed-websocket-9.0.52.jar;D:\Maven\repository\org\springframework\spring-web\5.3.9\spring-web-5.3.9.jar;D:\Maven\repository\org\springframework\spring-webmvc\5.3.9\spring-webmvc-5.3.9.jar;D:\Maven\repository\org\springframework\spring-expression\5.3.9\spring-expression-5.3.9.jar;D:\Maven\repository\org\springframework\spring-messaging\5.3.9\spring-messaging-5.3.9.jar;D:\Maven\repository\org\springframework\spring-beans\5.3.9\spring-beans-5.3.9.jar;D:\Maven\repository\org\springframework\spring-websocket\5.3.9\spring-websocket-5.3.9.jar;D:\Maven\repository\org\springframework\spring-context\5.3.9\spring-context-5.3.9.jar;D:\Maven\repository\org\springframework\boot\spring-boot-devtools\2.4.10\spring-boot-devtools-2.4.10.jar;D:\Maven\repository\org\springframework\boot\spring-boot\2.4.10\spring-boot-2.4.10.jar;D:\Maven\repository\org\springframework\boot\spring-boot-autoconfigure\2.4.10\spring-boot-autoconfigure-2.4.10.jar;D:\Maven\repository\com\example\yc-start-mybatis\0.0.1-SNAPSHOT\yc-start-mybatis-0.0.1-SNAPSHOT.jar;D:\Maven\repository\org\springframework\boot\spring-boot-starter\2.4.10\spring-boot-starter-2.4.10.jar;D:\Maven\repository\org\springframework\boot\spring-boot-starter-logging\2.4.10\spring-boot-starter-logging-2.4.10.jar;D:\Maven\repository\ch\qos\logback\logback-classic\1.2.5\logback-classic-1.2.5.jar;D:\Maven\repository\ch\qos\logback\logback-core\1.2.5\logback-core-1.2.5.jar;D:\Maven\repository\org\apache\logging\log4j\log4j-to-slf4j\2.13.3\log4j-to-slf4j-2.13.3.jar;D:\Maven\repository\org\apache\logging\log4j\log4j-api\2.13.3\log4j-api-2.13.3.jar;D:\Maven\repository\org\slf4j\jul-to-slf4j\1.7.32\jul-to-slf4j-1.7.32.jar;D:\Maven\repository\jakarta\annotation\jakarta.annotation-api\1.3.5\jakarta.annotation-api-1.3.5.jar;D:\Maven\repository\org\yaml\snakeyaml\1.27\snakeyaml-1.27.jar;D:\Maven\repository\org\springframework\spring-jdbc\5.3.9\spring-jdbc-5.3.9.jar;D:\Maven\repository\org\springframework\spring-tx\5.3.9\spring-tx-5.3.9.jar;D:\Maven\repository\org\mybatis\mybatis\3.4.5\mybatis-3.4.5.jar;D:\Maven\repository\org\mybatis\mybatis-spring\2.0.6\mybatis-spring-2.0.6.jar;D:\Maven\repository\mysql\mysql-connector-java\8.0.20\mysql-connector-java-8.0.20.jar;D:\Maven\repository\org\springframework\boot\spring-boot-starter-thymeleaf\2.4.10\spring-boot-starter-thymeleaf-2.4.10.jar;D:\Maven\repository\org\thymeleaf\thymeleaf-spring5\3.0.12.RELEASE\thymeleaf-spring5-3.0.12.RELEASE.jar;D:\Maven\repository\org\thymeleaf\thymeleaf\3.0.12.RELEASE\thymeleaf-3.0.12.RELEASE.jar;D:\Maven\repository\org\attoparser\attoparser\2.0.5.RELEASE\attoparser-2.0.5.RELEASE.jar;D:\Maven\repository\org\unbescape\unbescape\1.1.6.RELEASE\unbescape-1.1.6.RELEASE.jar;D:\Maven\repository\org\thymeleaf\extras\thymeleaf-extras-java8time\3.0.4.RELEASE\thymeleaf-extras-java8time-3.0.4.RELEASE.jar;D:\Maven\repository\org\projectlombok\lombok\1.18.20\lombok-1.18.20.jar;D:\Maven\repository\org\springframework\boot\spring-boot-starter-test\2.4.10\spring-boot-starter-test-2.4.10.jar;D:\Maven\repository\org\springframework\boot\spring-boot-test\2.4.10\spring-boot-test-2.4.10.jar;D:\Maven\repository\org\springframework\boot\spring-boot-test-autoconfigure\2.4.10\spring-boot-test-autoconfigure-2.4.10.jar;D:\Maven\repository\com\jayway\jsonpath\json-path\2.4.0\json-path-2.4.0.jar;D:\Maven\repository\net\minidev\json-smart\2.3.1\json-smart-2.3.1.jar;D:\Maven\repository\net\minidev\accessors-smart\2.3.1\accessors-smart-2.3.1.jar;D:\Maven\repository\org\ow2\asm\asm\5.0.4\asm-5.0.4.jar;D:\Maven\repository\jakarta\xml\bind\jakarta.xml.bind-api\2.3.3\jakarta.xml.bind-api-2.3.3.jar;D:\Maven\repository\jakarta\activation\jakarta.activation-api\1.2.2\jakarta.activation-api-1.2.2.jar;D:\Maven\repository\org\assertj\assertj-core\3.18.1\assertj-core-3.18.1.jar;D:\Maven\repository\org\hamcrest\hamcrest\2.2\hamcrest-2.2.jar;D:\Maven\repository\org\junit\jupiter\junit-jupiter\5.7.2\junit-jupiter-5.7.2.jar;D:\Maven\repository\org\junit\jupiter\junit-jupiter-api\5.7.2\junit-jupiter-api-5.7.2.jar;D:\Maven\repository\org\apiguardian\apiguardian-api\1.1.0\apiguardian-api-1.1.0.jar;D:\Maven\repository\org\opentest4j\opentest4j\1.2.0\opentest4j-1.2.0.jar;D:\Maven\repository\org\junit\platform\junit-platform-commons\1.7.2\junit-platform-commons-1.7.2.jar;D:\Maven\repository\org\junit\jupiter\junit-jupiter-params\5.7.2\junit-jupiter-params-5.7.2.jar;D:\Maven\repository\org\junit\jupiter\junit-jupiter-engine\5.7.2\junit-jupiter-engine-5.7.2.jar;D:\Maven\repository\org\junit\platform\junit-platform-engine\1.7.2\junit-platform-engine-1.7.2.jar;D:\Maven\repository\org\mockito\mockito-core\3.6.28\mockito-core-3.6.28.jar;D:\Maven\repository\net\bytebuddy\byte-buddy\1.10.22\byte-buddy-1.10.22.jar;D:\Maven\repository\net\bytebuddy\byte-buddy-agent\1.10.22\byte-buddy-agent-1.10.22.jar;D:\Maven\repository\org\objenesis\objenesis\3.1\objenesis-3.1.jar;D:\Maven\repository\org\mockito\mockito-junit-jupiter\3.6.28\mockito-junit-jupiter-3.6.28.jar;D:\Maven\repository\org\skyscreamer\jsonassert\1.5.0\jsonassert-1.5.0.jar;D:\Maven\repository\com\vaadin\external\google\android-json\0.0.20131108.vaadin1\android-json-0.0.20131108.vaadin1.jar;D:\Maven\repository\org\springframework\spring-core\5.3.9\spring-core-5.3.9.jar;D:\Maven\repository\org\springframework\spring-jcl\5.3.9\spring-jcl-5.3.9.jar;D:\Maven\repository\org\springframework\spring-test\5.3.9\spring-test-5.3.9.jar;D:\Maven\repository\org\xmlunit\xmlunit-core\2.7.0\xmlunit-core-2.7.0.jar;D:\Maven\repository\io\springfox\springfox-swagger2\2.9.2\springfox-swagger2-2.9.2.jar;D:\Maven\repository\io\swagger\swagger-annotations\1.5.20\swagger-annotations-1.5.20.jar;D:\Maven\repository\io\swagger\swagger-models\1.5.20\swagger-models-1.5.20.jar;D:\Maven\repository\com\fasterxml\jackson\core\jackson-annotations\2.11.4\jackson-annotations-2.11.4.jar;D:\Maven\repository\io\springfox\springfox-spi\2.9.2\springfox-spi-2.9.2.jar;D:\Maven\repository\io\springfox\springfox-core\2.9.2\springfox-core-2.9.2.jar;D:\Maven\repository\io\springfox\springfox-schema\2.9.2\springfox-schema-2.9.2.jar;D:\Maven\repository\io\springfox\springfox-swagger-common\2.9.2\springfox-swagger-common-2.9.2.jar;D:\Maven\repository\io\springfox\springfox-spring-web\2.9.2\springfox-spring-web-2.9.2.jar;D:\Maven\repository\com\google\guava\guava\20.0\guava-20.0.jar;D:\Maven\repository\com\fasterxml\classmate\1.5.1\classmate-1.5.1.jar;D:\Maven\repository\org\slf4j\slf4j-api\1.7.32\slf4j-api-1.7.32.jar;D:\Maven\repository\org\springframework\plugin\spring-plugin-core\1.2.0.RELEASE\spring-plugin-core-1.2.0.RELEASE.jar;D:\Maven\repository\org\springframework\spring-aop\5.3.9\spring-aop-5.3.9.jar;D:\Maven\repository\org\springframework\plugin\spring-plugin-metadata\1.2.0.RELEASE\spring-plugin-metadata-1.2.0.RELEASE.jar;D:\Maven\repository\org\mapstruct\mapstruct\1.2.0.Final\mapstruct-1.2.0.Final.jar;D:\Maven\repository\io\springfox\springfox-swagger-ui\2.9.2\springfox-swagger-ui-2.9.2.jar;D:\Maven\repository\org\hibernate\validator\hibernate-validator\6.1.0.Final\hibernate-validator-6.1.0.Final.jar;D:\Maven\repository\jakarta\validation\jakarta.validation-api\2.0.2\jakarta.validation-api-2.0.2.jar;D:\Maven\repository\org\jboss\logging\jboss-logging\3.4.2.Final\jboss-logging-3.4.2.Final.jar;D:\Maven\repository\javax\validation\validation-api\2.0.1.Final\validation-api-2.0.1.Final.jar;"/>
    <property name="java.vm.vendor" value="Oracle Corporation"/>
    <property name="sun.arch.data.model" value="64"/>
    <property name="user.variant" value=""/>
    <property name="java.vendor.url" value="http://java.oracle.com/"/>
    <property name="user.timezone" value="Asia/Shanghai"/>
    <property name="java.vm.specification.version" value="1.8"/>
    <property name="os.name" value="Windows 10"/>
    <property name="user.country" value="CN"/>
    <property name="sun.java.launcher" value="SUN_STANDARD"/>
    <property name="sun.boot.library.path" value="D:\JDk1.8\jre\bin"/>
    <property name="sun.java.command" value="C:\Users\Taouy\AppData\Local\Temp\surefire900139512294021447\surefirebooter2261596580006675721.jar C:\Users\Taouy\AppData\Local\Temp\surefire900139512294021447 2021-12-10T15-05-37_516-jvmRun1 surefire7000927003879863969tmp surefire_08696622660798064490tmp"/>
    <property name="surefire.test.class.path" value="D:\J2EE\SpringBootdemo\target\test-classes;D:\J2EE\SpringBootdemo\target\classes;D:\Maven\repository\org\springframework\boot\spring-boot-starter-websocket\2.4.10\spring-boot-starter-websocket-2.4.10.jar;D:\Maven\repository\org\springframework\boot\spring-boot-starter-web\2.4.10\spring-boot-starter-web-2.4.10.jar;D:\Maven\repository\org\springframework\boot\spring-boot-starter-json\2.4.10\spring-boot-starter-json-2.4.10.jar;D:\Maven\repository\com\fasterxml\jackson\core\jackson-databind\2.11.4\jackson-databind-2.11.4.jar;D:\Maven\repository\com\fasterxml\jackson\core\jackson-core\2.11.4\jackson-core-2.11.4.jar;D:\Maven\repository\com\fasterxml\jackson\datatype\jackson-datatype-jdk8\2.11.4\jackson-datatype-jdk8-2.11.4.jar;D:\Maven\repository\com\fasterxml\jackson\datatype\jackson-datatype-jsr310\2.11.4\jackson-datatype-jsr310-2.11.4.jar;D:\Maven\repository\com\fasterxml\jackson\module\jackson-module-parameter-names\2.11.4\jackson-module-parameter-names-2.11.4.jar;D:\Maven\repository\org\springframework\boot\spring-boot-starter-tomcat\2.4.10\spring-boot-starter-tomcat-2.4.10.jar;D:\Maven\repository\org\apache\tomcat\embed\tomcat-embed-core\9.0.52\tomcat-embed-core-9.0.52.jar;D:\Maven\repository\org\glassfish\jakarta.el\3.0.3\jakarta.el-3.0.3.jar;D:\Maven\repository\org\apache\tomcat\embed\tomcat-embed-websocket\9.0.52\tomcat-embed-websocket-9.0.52.jar;D:\Maven\repository\org\springframework\spring-web\5.3.9\spring-web-5.3.9.jar;D:\Maven\repository\org\springframework\spring-webmvc\5.3.9\spring-webmvc-5.3.9.jar;D:\Maven\repository\org\springframework\spring-expression\5.3.9\spring-expression-5.3.9.jar;D:\Maven\repository\org\springframework\spring-messaging\5.3.9\spring-messaging-5.3.9.jar;D:\Maven\repository\org\springframework\spring-beans\5.3.9\spring-beans-5.3.9.jar;D:\Maven\repository\org\springframework\spring-websocket\5.3.9\spring-websocket-5.3.9.jar;D:\Maven\repository\org\springframework\spring-context\5.3.9\spring-context-5.3.9.jar;D:\Maven\repository\org\springframework\boot\spring-boot-devtools\2.4.10\spring-boot-devtools-2.4.10.jar;D:\Maven\repository\org\springframework\boot\spring-boot\2.4.10\spring-boot-2.4.10.jar;D:\Maven\repository\org\springframework\boot\spring-boot-autoconfigure\2.4.10\spring-boot-autoconfigure-2.4.10.jar;D:\Maven\repository\com\example\yc-start-mybatis\0.0.1-SNAPSHOT\yc-start-mybatis-0.0.1-SNAPSHOT.jar;D:\Maven\repository\org\springframework\boot\spring-boot-starter\2.4.10\spring-boot-starter-2.4.10.jar;D:\Maven\repository\org\springframework\boot\spring-boot-starter-logging\2.4.10\spring-boot-starter-logging-2.4.10.jar;D:\Maven\repository\ch\qos\logback\logback-classic\1.2.5\logback-classic-1.2.5.jar;D:\Maven\repository\ch\qos\logback\logback-core\1.2.5\logback-core-1.2.5.jar;D:\Maven\repository\org\apache\logging\log4j\log4j-to-slf4j\2.13.3\log4j-to-slf4j-2.13.3.jar;D:\Maven\repository\org\apache\logging\log4j\log4j-api\2.13.3\log4j-api-2.13.3.jar;D:\Maven\repository\org\slf4j\jul-to-slf4j\1.7.32\jul-to-slf4j-1.7.32.jar;D:\Maven\repository\jakarta\annotation\jakarta.annotation-api\1.3.5\jakarta.annotation-api-1.3.5.jar;D:\Maven\repository\org\yaml\snakeyaml\1.27\snakeyaml-1.27.jar;D:\Maven\repository\org\springframework\spring-jdbc\5.3.9\spring-jdbc-5.3.9.jar;D:\Maven\repository\org\springframework\spring-tx\5.3.9\spring-tx-5.3.9.jar;D:\Maven\repository\org\mybatis\mybatis\3.4.5\mybatis-3.4.5.jar;D:\Maven\repository\org\mybatis\mybatis-spring\2.0.6\mybatis-spring-2.0.6.jar;D:\Maven\repository\mysql\mysql-connector-java\8.0.20\mysql-connector-java-8.0.20.jar;D:\Maven\repository\org\springframework\boot\spring-boot-starter-thymeleaf\2.4.10\spring-boot-starter-thymeleaf-2.4.10.jar;D:\Maven\repository\org\thymeleaf\thymeleaf-spring5\3.0.12.RELEASE\thymeleaf-spring5-3.0.12.RELEASE.jar;D:\Maven\repository\org\thymeleaf\thymeleaf\3.0.12.RELEASE\thymeleaf-3.0.12.RELEASE.jar;D:\Maven\repository\org\attoparser\attoparser\2.0.5.RELEASE\attoparser-2.0.5.RELEASE.jar;D:\Maven\repository\org\unbescape\unbescape\1.1.6.RELEASE\unbescape-1.1.6.RELEASE.jar;D:\Maven\repository\org\thymeleaf\extras\thymeleaf-extras-java8time\3.0.4.RELEASE\thymeleaf-extras-java8time-3.0.4.RELEASE.jar;D:\Maven\repository\org\projectlombok\lombok\1.18.20\lombok-1.18.20.jar;D:\Maven\repository\org\springframework\boot\spring-boot-starter-test\2.4.10\spring-boot-starter-test-2.4.10.jar;D:\Maven\repository\org\springframework\boot\spring-boot-test\2.4.10\spring-boot-test-2.4.10.jar;D:\Maven\repository\org\springframework\boot\spring-boot-test-autoconfigure\2.4.10\spring-boot-test-autoconfigure-2.4.10.jar;D:\Maven\repository\com\jayway\jsonpath\json-path\2.4.0\json-path-2.4.0.jar;D:\Maven\repository\net\minidev\json-smart\2.3.1\json-smart-2.3.1.jar;D:\Maven\repository\net\minidev\accessors-smart\2.3.1\accessors-smart-2.3.1.jar;D:\Maven\repository\org\ow2\asm\asm\5.0.4\asm-5.0.4.jar;D:\Maven\repository\jakarta\xml\bind\jakarta.xml.bind-api\2.3.3\jakarta.xml.bind-api-2.3.3.jar;D:\Maven\repository\jakarta\activation\jakarta.activation-api\1.2.2\jakarta.activation-api-1.2.2.jar;D:\Maven\repository\org\assertj\assertj-core\3.18.1\assertj-core-3.18.1.jar;D:\Maven\repository\org\hamcrest\hamcrest\2.2\hamcrest-2.2.jar;D:\Maven\repository\org\junit\jupiter\junit-jupiter\5.7.2\junit-jupiter-5.7.2.jar;D:\Maven\repository\org\junit\jupiter\junit-jupiter-api\5.7.2\junit-jupiter-api-5.7.2.jar;D:\Maven\repository\org\apiguardian\apiguardian-api\1.1.0\apiguardian-api-1.1.0.jar;D:\Maven\repository\org\opentest4j\opentest4j\1.2.0\opentest4j-1.2.0.jar;D:\Maven\repository\org\junit\platform\junit-platform-commons\1.7.2\junit-platform-commons-1.7.2.jar;D:\Maven\repository\org\junit\jupiter\junit-jupiter-params\5.7.2\junit-jupiter-params-5.7.2.jar;D:\Maven\repository\org\junit\jupiter\junit-jupiter-engine\5.7.2\junit-jupiter-engine-5.7.2.jar;D:\Maven\repository\org\junit\platform\junit-platform-engine\1.7.2\junit-platform-engine-1.7.2.jar;D:\Maven\repository\org\mockito\mockito-core\3.6.28\mockito-core-3.6.28.jar;D:\Maven\repository\net\bytebuddy\byte-buddy\1.10.22\byte-buddy-1.10.22.jar;D:\Maven\repository\net\bytebuddy\byte-buddy-agent\1.10.22\byte-buddy-agent-1.10.22.jar;D:\Maven\repository\org\objenesis\objenesis\3.1\objenesis-3.1.jar;D:\Maven\repository\org\mockito\mockito-junit-jupiter\3.6.28\mockito-junit-jupiter-3.6.28.jar;D:\Maven\repository\org\skyscreamer\jsonassert\1.5.0\jsonassert-1.5.0.jar;D:\Maven\repository\com\vaadin\external\google\android-json\0.0.20131108.vaadin1\android-json-0.0.20131108.vaadin1.jar;D:\Maven\repository\org\springframework\spring-core\5.3.9\spring-core-5.3.9.jar;D:\Maven\repository\org\springframework\spring-jcl\5.3.9\spring-jcl-5.3.9.jar;D:\Maven\repository\org\springframework\spring-test\5.3.9\spring-test-5.3.9.jar;D:\Maven\repository\org\xmlunit\xmlunit-core\2.7.0\xmlunit-core-2.7.0.jar;D:\Maven\repository\io\springfox\springfox-swagger2\2.9.2\springfox-swagger2-2.9.2.jar;D:\Maven\repository\io\swagger\swagger-annotations\1.5.20\swagger-annotations-1.5.20.jar;D:\Maven\repository\io\swagger\swagger-models\1.5.20\swagger-models-1.5.20.jar;D:\Maven\repository\com\fasterxml\jackson\core\jackson-annotations\2.11.4\jackson-annotations-2.11.4.jar;D:\Maven\repository\io\springfox\springfox-spi\2.9.2\springfox-spi-2.9.2.jar;D:\Maven\repository\io\springfox\springfox-core\2.9.2\springfox-core-2.9.2.jar;D:\Maven\repository\io\springfox\springfox-schema\2.9.2\springfox-schema-2.9.2.jar;D:\Maven\repository\io\springfox\springfox-swagger-common\2.9.2\springfox-swagger-common-2.9.2.jar;D:\Maven\repository\io\springfox\springfox-spring-web\2.9.2\springfox-spring-web-2.9.2.jar;D:\Maven\repository\com\google\guava\guava\20.0\guava-20.0.jar;D:\Maven\repository\com\fasterxml\classmate\1.5.1\classmate-1.5.1.jar;D:\Maven\repository\org\slf4j\slf4j-api\1.7.32\slf4j-api-1.7.32.jar;D:\Maven\repository\org\springframework\plugin\spring-plugin-core\1.2.0.RELEASE\spring-plugin-core-1.2.0.RELEASE.jar;D:\Maven\repository\org\springframework\spring-aop\5.3.9\spring-aop-5.3.9.jar;D:\Maven\repository\org\springframework\plugin\spring-plugin-metadata\1.2.0.RELEASE\spring-plugin-metadata-1.2.0.RELEASE.jar;D:\Maven\repository\org\mapstruct\mapstruct\1.2.0.Final\mapstruct-1.2.0.Final.jar;D:\Maven\repository\io\springfox\springfox-swagger-ui\2.9.2\springfox-swagger-ui-2.9.2.jar;D:\Maven\repository\org\hibernate\validator\hibernate-validator\6.1.0.Final\hibernate-validator-6.1.0.Final.jar;D:\Maven\repository\jakarta\validation\jakarta.validation-api\2.0.2\jakarta.validation-api-2.0.2.jar;D:\Maven\repository\org\jboss\logging\jboss-logging\3.4.2.Final\jboss-logging-3.4.2.Final.jar;D:\Maven\repository\javax\validation\validation-api\2.0.1.Final\validation-api-2.0.1.Final.jar;"/>
    <property name="sun.cpu.endian" value="little"/>
    <property name="user.home" value="C:\Users\Taouy"/>
    <property name="user.language" value="zh"/>
    <property name="java.specification.vendor" value="Oracle Corporation"/>
    <property name="java.home" value="D:\JDk1.8\jre"/>
    <property name="basedir" value="D:\J2EE\SpringBootdemo"/>
    <property name="file.separator" value="\"/>
    <property name="line.separator" value="&#10;"/>
    <property name="java.vm.specification.vendor" value="Oracle Corporation"/>
    <property name="java.specification.name" value="Java Platform API Specification"/>
    <property name="java.awt.graphicsenv" value="sun.awt.Win32GraphicsEnvironment"/>
    <property name="surefire.real.class.path" value="C:\Users\Taouy\AppData\Local\Temp\surefire900139512294021447\surefirebooter2261596580006675721.jar"/>
    <property name="sun.boot.class.path" value="D:\JDk1.8\jre\lib\resources.jar;D:\JDk1.8\jre\lib\rt.jar;D:\JDk1.8\jre\lib\sunrsasign.jar;D:\JDk1.8\jre\lib\jsse.jar;D:\JDk1.8\jre\lib\jce.jar;D:\JDk1.8\jre\lib\charsets.jar;D:\JDk1.8\jre\lib\jfr.jar;D:\JDk1.8\jre\classes"/>
    <property name="user.script" value=""/>
    <property name="sun.management.compiler" value="HotSpot 64-Bit Tiered Compilers"/>
    <property name="java.runtime.version" value="1.8.0_271-b09"/>
    <property name="user.name" value="Taouy"/>
    <property name="path.separator" value=";"/>
    <property name="os.version" value="10.0"/>
    <property name="java.endorsed.dirs" value="D:\JDk1.8\jre\lib\endorsed"/>
    <property name="java.runtime.name" value="Java(TM) SE Runtime Environment"/>
    <property name="file.encoding" value="GBK"/>
    <property name="java.vm.name" value="Java HotSpot(TM) 64-Bit Server VM"/>
    <property name="localRepository" value="D:\Maven\repository"/>
    <property name="java.vendor.url.bug" value="http://bugreport.sun.com/bugreport/"/>
    <property name="java.io.tmpdir" value="C:\Users\Taouy\AppData\Local\Temp\"/>
    <property name="idea.version" value="2021.1"/>
    <property name="java.version" value="1.8.0_271"/>
    <property name="user.dir" value="D:\J2EE\SpringBootdemo"/>
    <property name="os.arch" value="amd64"/>
    <property name="java.vm.specification.name" value="Java Virtual Machine Specification"/>
    <property name="java.awt.printerjob" value="sun.awt.windows.WPrinterJob"/>
    <property name="sun.os.patch.level" value=""/>
    <property name="java.library.path" value="D:\JDk1.8\jre\bin;C:\WINDOWS\Sun\Java\bin;C:\WINDOWS\system32;C:\WINDOWS;C:\Windows\system32;C:\Windows;C:\Windows\System32\Wbem;C:\Windows\System32\WindowsPowerShell\v1.0\;C:\Windows\System32\OpenSSH\;C:\Program Files (x86)\NVIDIA Corporation\PhysX\Common;C:\Program Files\NVIDIA Corporation\NVIDIA NvDLISR;D:\JDk1.8\bin;D:\Mysql8.0\bin;D:\Node.js;C:\Users\Taouy\AppData\Roaming\npm;C:\WINDOWS\system32;C:\WINDOWS;C:\WINDOWS\System32\Wbem;C:\WINDOWS\System32\WindowsPowerShell\v1.0\;C:\WINDOWS\System32\OpenSSH\;D:\Git\Git\cmd;D:\Maven\apache-maven-3.3.9\bin;D:\Pandoc\;C:\Users\Taouy\AppData\Local\Microsoft\WindowsApps;;."/>
    <property name="java.vm.info" value="mixed mode"/>
    <property name="java.vendor" value="Oracle Corporation"/>
    <property name="java.vm.version" value="25.271-b09"/>
    <property name="java.ext.dirs" value="D:\JDk1.8\jre\lib\ext;C:\WINDOWS\Sun\Java\lib\ext"/>
    <property name="sun.io.unicode.encoding" value="UnicodeLittle"/>
    <property name="maven.repo.local" value="D:\Maven\repository"/>
    <property name="java.class.version" value="52.0"/>
  </properties>
  <testcase name="contextLoads" classname="com.example.springbootdemo.SpringBootdemoApplicationTests" time="1.224"/>
</testsuite>